<?xml version="1.0" encoding="UTF-8"?>
<!-- Generated by org.testng.reporters.JUnitXMLReporter -->
<testsuite ignored="0" hostname="Karthik" failures="2" tests="27" name="Test" time="731.866" errors="0" timestamp="2024-01-09T23:26:31 IST">
  <testcase classname="Testcases.Tc_04_Siginpage" name="SignIn" time="24.824"/>
  <testcase classname="Testcases.Tc_04_Siginpage" name="SignIn" time="17.504"/>
  <testcase classname="Testcases.Tc_04_Siginpage" name="SignIn" time="16.178"/>
  <testcase classname="Testcases.Tc_04_Siginpage" name="SignIn" time="15.549"/>
  <testcase classname="Testcases.Tc_07_Menu_shop_by_Dept" name="SelAddItemShopByDeptMenu" time="68.246"/>
  <testcase classname="Testcases.Tc_02_Verify_LinkBroken" name="ValidateUrlIsNotBroken" time="20.21"/>
  <testcase classname="Testcases.Tc_09_Checkout_fillingpage" name="CheckOutPageFillingas_using_guest" time="40.821">
    <failure type="org.openqa.selenium.ElementClickInterceptedException" message="element click intercepted: Element &amp;lt;button class=&amp;quot;c-button c-button-primary c-button-sm c-button-block c-button-icon c-button-icon-leading add-to-cart-button&amp;quot; type=&amp;quot;button&amp;quot; data-sku-id=&amp;quot;6440537&amp;quot; data-button-state=&amp;quot;ADD_TO_CART&amp;quot; style=&amp;quot;padding:0 8px&amp;quot;&amp;gt;...&amp;lt;/button&amp;gt; is not clickable at point (1322, 580). Other element would receive the click: &amp;lt;button class=&amp;quot;c-button-unstyled blue-assist-minimized-slideout-banner&amp;quot; type=&amp;quot;button&amp;quot;&amp;gt;...&amp;lt;/button&amp;gt;
  (Session info: chrome=120.0.6099.200)
Build info: version: &amp;apos;4.16.1&amp;apos;, revision: &amp;apos;9b4c83354e&amp;apos;
System info: os.name: &amp;apos;Windows 11&amp;apos;, os.arch: &amp;apos;amd64&amp;apos;, os.version: &amp;apos;10.0&amp;apos;, java.version: &amp;apos;17.0.9&amp;apos;
Driver info: org.openqa.selenium.chrome.ChromeDriver
Command: [31a698fa3a1c0c7187d9964e5c5ce08f, clickElement {id=9BF277F0B8AF2D245022F134D556D480_element_98}]
Capabilities {acceptInsecureCerts: false, browserName: chrome, browserVersion: 120.0.6099.200, chrome: {chromedriverVersion: 120.0.6099.109 (3419140ab66..., userDataDir: C:\Users\karth\AppData\Loca...}, fedcm:accounts: true, goog:chromeOptions: {debuggerAddress: localhost:62909}, networkConnectionEnabled: false, pageLoadStrategy: normal, platformName: windows, proxy: Proxy(), se:cdp: ws://localhost:62909/devtoo..., se:cdpVersion: 120.0.6099.200, setWindowRect: true, strictFileInteractability: false, timeouts: {implicit: 0, pageLoad: 300000, script: 30000}, unhandledPromptBehavior: dismiss and notify, webauthn:extension:credBlob: true, webauthn:extension:largeBlob: true, webauthn:extension:minPinLength: true, webauthn:extension:prf: true, webauthn:virtualAuthenticators: true}
Element: [[ChromeDriver: chrome on windows (31a698fa3a1c0c7187d9964e5c5ce08f)] -&amp;gt; xpath: (//button[contains(@type,&amp;apos;button&amp;apos;)][normalize-space()=&amp;apos;Add to Cart&amp;apos;])[3]]
Session ID: 31a698fa3a1c0c7187d9964e5c5ce08f">
      <![CDATA[org.openqa.selenium.ElementClickInterceptedException: element click intercepted: Element <button class="c-button c-button-primary c-button-sm c-button-block c-button-icon c-button-icon-leading add-to-cart-button" type="button" data-sku-id="6440537" data-button-state="ADD_TO_CART" style="padding:0 8px">...</button> is not clickable at point (1322, 580). Other element would receive the click: <button class="c-button-unstyled blue-assist-minimized-slideout-banner" type="button">...</button>
  (Session info: chrome=120.0.6099.200)
Build info: version: '4.16.1', revision: '9b4c83354e'
System info: os.name: 'Windows 11', os.arch: 'amd64', os.version: '10.0', java.version: '17.0.9'
Driver info: org.openqa.selenium.chrome.ChromeDriver
Command: [31a698fa3a1c0c7187d9964e5c5ce08f, clickElement {id=9BF277F0B8AF2D245022F134D556D480_element_98}]
Capabilities {acceptInsecureCerts: false, browserName: chrome, browserVersion: 120.0.6099.200, chrome: {chromedriverVersion: 120.0.6099.109 (3419140ab66..., userDataDir: C:\Users\karth\AppData\Loca...}, fedcm:accounts: true, goog:chromeOptions: {debuggerAddress: localhost:62909}, networkConnectionEnabled: false, pageLoadStrategy: normal, platformName: windows, proxy: Proxy(), se:cdp: ws://localhost:62909/devtoo..., se:cdpVersion: 120.0.6099.200, setWindowRect: true, strictFileInteractability: false, timeouts: {implicit: 0, pageLoad: 300000, script: 30000}, unhandledPromptBehavior: dismiss and notify, webauthn:extension:credBlob: true, webauthn:extension:largeBlob: true, webauthn:extension:minPinLength: true, webauthn:extension:prf: true, webauthn:virtualAuthenticators: true}
Element: [[ChromeDriver: chrome on windows (31a698fa3a1c0c7187d9964e5c5ce08f)] -> xpath: (//button[contains(@type,'button')][normalize-space()='Add to Cart'])[3]]
Session ID: 31a698fa3a1c0c7187d9964e5c5ce08f
at org.openqa.selenium.remote.codec.w3c.W3CHttpResponseCodec.createException(W3CHttpResponseCodec.java:200)
at org.openqa.selenium.remote.codec.w3c.W3CHttpResponseCodec.decode(W3CHttpResponseCodec.java:133)
at org.openqa.selenium.remote.codec.w3c.W3CHttpResponseCodec.decode(W3CHttpResponseCodec.java:52)
at org.openqa.selenium.remote.HttpCommandExecutor.execute(HttpCommandExecutor.java:191)
at org.openqa.selenium.remote.service.DriverCommandExecutor.invokeExecute(DriverCommandExecutor.java:200)
at org.openqa.selenium.remote.service.DriverCommandExecutor.execute(DriverCommandExecutor.java:175)
at org.openqa.selenium.remote.RemoteWebDriver.execute(RemoteWebDriver.java:523)
at org.openqa.selenium.remote.RemoteWebElement.execute(RemoteWebElement.java:224)
at org.openqa.selenium.remote.RemoteWebElement.click(RemoteWebElement.java:77)
at org.openqa.selenium.support.pagefactory.internal.LocatingElementHandler.invoke(LocatingElementHandler.java:51)
at jdk.proxy2/jdk.proxy2.$Proxy15.click(Unknown Source)
at Pageobject.Productpage.addLogitechMouse(Productpage.java:59)
at Testcases.Tc_09_Checkout_fillingpage.CheckOutPageFillingas_using_guest(Tc_09_Checkout_fillingpage.java:23)
at java.base/java.util.ArrayList.forEach(ArrayList.java:1511)
... Removed 35 stack frames]]>
    </failure>
  </testcase> <!-- CheckOutPageFillingas_using_guest -->
  <testcase classname="Testcases.Tc_05_Homepage" name="CheckTitleOfAllMenu" time="17.508"/>
  <testcase classname="Testcases.Tc_05_Homepage" name="CheckTitleOfAllMenu" time="14.969"/>
  <testcase classname="Testcases.Tc_05_Homepage" name="CheckTitleOfAllMenu" time="11.556"/>
  <testcase classname="Testcases.Tc_05_Homepage" name="CheckTitleOfAllMenu" time="12.278"/>
  <testcase classname="Testcases.Tc_05_Homepage" name="CheckTitleOfAllMenu" time="13.823"/>
  <testcase classname="Testcases.Tc_05_Homepage" name="CheckTitleOfAllMenu" time="22.279"/>
  <testcase classname="Testcases.Tc_05_Homepage" name="CheckTitleOfAllMenu" time="13.23"/>
  <testcase classname="Testcases.Tc_05_Homepage" name="CheckTitleOfAllMenu" time="15.141"/>
  <testcase classname="Testcases.Tc_05_Homepage" name="CheckTitleOfAllMenu" time="12.282"/>
  <testcase classname="Testcases.Tc_05_Homepage" name="validate_BottomLink_HomePage" time="10.58"/>
  <testcase classname="Testcases.Tc_06_Search_additem" name="SearchAddItemInCart" time="41.992"/>
  <testcase classname="Testcases.Tc_01_Navigatetowebpage" name="NavigatingToBestBestApp" time="10.074"/>
  <testcase classname="Testcases.Tc_08_Menu_Brand_Select" name="AddItemShopByBrandMenu" time="68.159"/>
  <testcase classname="Testcases.Tc_03_CreateaccountpageTest" name="ValidateCreatAccountFunctionality" time="23.495"/>
  <testcase classname="Testcases.Tc_03_CreateaccountpageTest" name="ValidateCreatAccountFunctionality" time="32.619"/>
  <testcase classname="Testcases.Tc_03_CreateaccountpageTest" name="ValidateCreatAccountFunctionality" time="22.318"/>
  <testcase classname="Testcases.Tc_03_CreateaccountpageTest" name="ValidateCreatAccountFunctionality" time="21.857"/>
  <testcase classname="Testcases.Tc_03_CreateaccountpageTest" name="ValidateCreatAccountFunctionality" time="26.899"/>
  <testcase classname="Testcases.Tc_03_CreateaccountpageTest" name="ValidateCreatAccountFunctionality" time="19.881"/>
  <testcase classname="Testcases.Tc_03_CreateaccountpageTest" name="ValidateCreatAccountFunctionality" time="20.037">
    <failure type="org.openqa.selenium.ElementClickInterceptedException" message="element click intercepted: Element &amp;lt;span class=&amp;quot;v-p-right-xxs line-clamp&amp;quot;&amp;gt;...&amp;lt;/span&amp;gt; is not clickable at point (1036, 136). Other element would receive the click: &amp;lt;div id=&amp;quot;confirmIt-backdrop&amp;quot; class=&amp;quot;confirmIt modal-backdrop in&amp;quot;&amp;gt;&amp;lt;/div&amp;gt;
  (Session info: chrome=120.0.6099.200)
Build info: version: &amp;apos;4.16.1&amp;apos;, revision: &amp;apos;9b4c83354e&amp;apos;
System info: os.name: &amp;apos;Windows 11&amp;apos;, os.arch: &amp;apos;amd64&amp;apos;, os.version: &amp;apos;10.0&amp;apos;, java.version: &amp;apos;17.0.9&amp;apos;
Driver info: org.openqa.selenium.chrome.ChromeDriver
Command: [7d85d5e8d6858e0c61b2cf101549af3d, clickElement {id=669366619B851B8C3CBA2D359E6618E5_element_60}]
Capabilities {acceptInsecureCerts: false, browserName: chrome, browserVersion: 120.0.6099.200, chrome: {chromedriverVersion: 120.0.6099.109 (3419140ab66..., userDataDir: C:\Users\karth\AppData\Loca...}, fedcm:accounts: true, goog:chromeOptions: {debuggerAddress: localhost:56701}, networkConnectionEnabled: false, pageLoadStrategy: normal, platformName: windows, proxy: Proxy(), se:cdp: ws://localhost:56701/devtoo..., se:cdpVersion: 120.0.6099.200, setWindowRect: true, strictFileInteractability: false, timeouts: {implicit: 0, pageLoad: 300000, script: 30000}, unhandledPromptBehavior: dismiss and notify, webauthn:extension:credBlob: true, webauthn:extension:largeBlob: true, webauthn:extension:minPinLength: true, webauthn:extension:prf: true, webauthn:virtualAuthenticators: true}
Element: [[ChromeDriver: chrome on windows (7d85d5e8d6858e0c61b2cf101549af3d)] -&amp;gt; xpath: //span[text()=&amp;apos;Account&amp;apos;]]
Session ID: 7d85d5e8d6858e0c61b2cf101549af3d">
      <![CDATA[org.openqa.selenium.ElementClickInterceptedException: element click intercepted: Element <span class="v-p-right-xxs line-clamp">...</span> is not clickable at point (1036, 136). Other element would receive the click: <div id="confirmIt-backdrop" class="confirmIt modal-backdrop in"></div>
  (Session info: chrome=120.0.6099.200)
Build info: version: '4.16.1', revision: '9b4c83354e'
System info: os.name: 'Windows 11', os.arch: 'amd64', os.version: '10.0', java.version: '17.0.9'
Driver info: org.openqa.selenium.chrome.ChromeDriver
Command: [7d85d5e8d6858e0c61b2cf101549af3d, clickElement {id=669366619B851B8C3CBA2D359E6618E5_element_60}]
Capabilities {acceptInsecureCerts: false, browserName: chrome, browserVersion: 120.0.6099.200, chrome: {chromedriverVersion: 120.0.6099.109 (3419140ab66..., userDataDir: C:\Users\karth\AppData\Loca...}, fedcm:accounts: true, goog:chromeOptions: {debuggerAddress: localhost:56701}, networkConnectionEnabled: false, pageLoadStrategy: normal, platformName: windows, proxy: Proxy(), se:cdp: ws://localhost:56701/devtoo..., se:cdpVersion: 120.0.6099.200, setWindowRect: true, strictFileInteractability: false, timeouts: {implicit: 0, pageLoad: 300000, script: 30000}, unhandledPromptBehavior: dismiss and notify, webauthn:extension:credBlob: true, webauthn:extension:largeBlob: true, webauthn:extension:minPinLength: true, webauthn:extension:prf: true, webauthn:virtualAuthenticators: true}
Element: [[ChromeDriver: chrome on windows (7d85d5e8d6858e0c61b2cf101549af3d)] -> xpath: //span[text()='Account']]
Session ID: 7d85d5e8d6858e0c61b2cf101549af3d
at org.openqa.selenium.remote.codec.w3c.W3CHttpResponseCodec.createException(W3CHttpResponseCodec.java:200)
at org.openqa.selenium.remote.codec.w3c.W3CHttpResponseCodec.decode(W3CHttpResponseCodec.java:133)
at org.openqa.selenium.remote.codec.w3c.W3CHttpResponseCodec.decode(W3CHttpResponseCodec.java:52)
at org.openqa.selenium.remote.HttpCommandExecutor.execute(HttpCommandExecutor.java:191)
at org.openqa.selenium.remote.service.DriverCommandExecutor.invokeExecute(DriverCommandExecutor.java:200)
at org.openqa.selenium.remote.service.DriverCommandExecutor.execute(DriverCommandExecutor.java:175)
at org.openqa.selenium.remote.RemoteWebDriver.execute(RemoteWebDriver.java:523)
at org.openqa.selenium.remote.RemoteWebElement.execute(RemoteWebElement.java:224)
at org.openqa.selenium.remote.RemoteWebElement.click(RemoteWebElement.java:77)
at org.openqa.selenium.support.pagefactory.internal.LocatingElementHandler.invoke(LocatingElementHandler.java:51)
at jdk.proxy2/jdk.proxy2.$Proxy15.click(Unknown Source)
at Pageobject.Homepage.goToCreatAccount(Homepage.java:98)
at Testcases.Tc_03_CreateaccountpageTest.ValidateCreatAccountFunctionality(Tc_03_CreateaccountpageTest.java:24)
at java.base/java.util.ArrayList.forEach(ArrayList.java:1511)
... Removed 35 stack frames]]>
    </failure>
  </testcase> <!-- ValidateCreatAccountFunctionality -->
</testsuite> <!-- Test -->
